<?xml version="1.0" encoding="UTF-8"?>
<coverage generated="1665517785537" clover="3.2.0">
  <project timestamp="1665517785537" name="All files">
    <metrics statements="20" coveredstatements="20" conditionals="17" coveredconditionals="17" methods="8" coveredmethods="8" elements="45" coveredelements="45" complexity="0" loc="20" ncloc="20" packages="2" files="4" classes="4"/>
    <package name="Button">
      <metrics statements="8" coveredstatements="8" conditionals="17" coveredconditionals="17" methods="6" coveredmethods="6"/>
      <file name="button.component.tsx" path="/Users/jfrap/Desktop/projects/daniellefrappier18.github.io/new/daniellefrappier-app/src/components/Button/button.component.tsx">
        <metrics statements="2" coveredstatements="2" conditionals="7" coveredconditionals="7" methods="1" coveredmethods="1"/>
        <line num="5" count="1" type="stmt"/>
        <line num="13" count="4" type="stmt"/>
      </file>
      <file name="button.style.ts" path="/Users/jfrap/Desktop/projects/daniellefrappier18.github.io/new/daniellefrappier-app/src/components/Button/button.style.ts">
        <metrics statements="6" coveredstatements="6" conditionals="10" coveredconditionals="10" methods="5" coveredmethods="5"/>
        <line num="10" count="1" type="stmt"/>
        <line num="12" count="4" type="cond" truecount="2" falsecount="0"/>
        <line num="18" count="4" type="cond" truecount="2" falsecount="0"/>
        <line num="22" count="4" type="cond" truecount="2" falsecount="0"/>
        <line num="30" count="4" type="cond" truecount="2" falsecount="0"/>
        <line num="37" count="4" type="cond" truecount="2" falsecount="0"/>
      </file>
    </package>
    <package name="Timeline">
      <metrics statements="12" coveredstatements="12" conditionals="0" coveredconditionals="0" methods="2" coveredmethods="2"/>
      <file name="timeline.component.tsx" path="/Users/jfrap/Desktop/projects/daniellefrappier18.github.io/new/daniellefrappier-app/src/components/Timeline/timeline.component.tsx">
        <metrics statements="3" coveredstatements="3" conditionals="0" coveredconditionals="0" methods="2" coveredmethods="2"/>
        <line num="16" count="1" type="stmt"/>
        <line num="21" count="1" type="stmt"/>
        <line num="25" count="1" type="stmt"/>
      </file>
      <file name="timeline.style.ts" path="/Users/jfrap/Desktop/projects/daniellefrappier18.github.io/new/daniellefrappier-app/src/components/Timeline/timeline.style.ts">
        <metrics statements="9" coveredstatements="9" conditionals="0" coveredconditionals="0" methods="0" coveredmethods="0"/>
        <line num="3" count="1" type="stmt"/>
        <line num="7" count="1" type="stmt"/>
        <line num="17" count="1" type="stmt"/>
        <line num="30" count="1" type="stmt"/>
        <line num="42" count="1" type="stmt"/>
        <line num="49" count="1" type="stmt"/>
        <line num="68" count="1" type="stmt"/>
        <line num="77" count="1" type="stmt"/>
        <line num="85" count="1" type="stmt"/>
      </file>
    </package>
  </project>
</coverage>
