{"/Users/jfrap/Desktop/projects/daniellefrappier18.github.io/new/daniellefrappier-app/src/components/Button/button.component.tsx": {"path":"/Users/jfrap/Desktop/projects/daniellefrappier18.github.io/new/daniellefrappier-app/src/components/Button/button.component.tsx","statementMap":{"0":{"start":{"line":5,"column":22},"end":{"line":16,"column":1}},"1":{"start":{"line":13,"column":4},"end":{"line":15,"column":6}}},"fnMap":{"0":{"name":"(anonymous_0)","decl":{"start":{"line":5,"column":22},"end":{"line":5,"column":23}},"loc":{"start":{"line":12,"column":19},"end":{"line":16,"column":1}},"line":12}},"branchMap":{"0":{"loc":{"start":{"line":6,"column":4},"end":{"line":6,"column":24}},"type":"default-arg","locations":[{"start":{"line":6,"column":15},"end":{"line":6,"column":24}}],"line":6},"1":{"loc":{"start":{"line":8,"column":4},"end":{"line":8,"column":23}},"type":"default-arg","locations":[{"start":{"line":8,"column":18},"end":{"line":8,"column":23}}],"line":8},"2":{"loc":{"start":{"line":9,"column":4},"end":{"line":9,"column":19}},"type":"default-arg","locations":[{"start":{"line":9,"column":11},"end":{"line":9,"column":19}}],"line":9},"3":{"loc":{"start":{"line":14,"column":29},"end":{"line":14,"column":50}},"type":"cond-expr","locations":[{"start":{"line":14,"column":36},"end":{"line":14,"column":39}},{"start":{"line":14,"column":42},"end":{"line":14,"column":50}}],"line":14},"4":{"loc":{"start":{"line":14,"column":70},"end":{"line":14,"column":97}},"type":"cond-expr","locations":[{"start":{"line":14,"column":77},"end":{"line":14,"column":86}},{"start":{"line":14,"column":89},"end":{"line":14,"column":97}}],"line":14}},"s":{"0":1,"1":4},"f":{"0":4},"b":{"0":[2],"1":[1],"2":[2],"3":[2,2],"4":[2,2]},"_coverageSchema":"1a1c01bbd47fc00a2c39e90264f33305004495a9","hash":"7f6dbebce39ec1f5dd73dcc7ebb40f713b5ad0f4"}
,"/Users/jfrap/Desktop/projects/daniellefrappier18.github.io/new/daniellefrappier-app/src/components/Button/button.style.ts": {"path":"/Users/jfrap/Desktop/projects/daniellefrappier18.github.io/new/daniellefrappier-app/src/components/Button/button.style.ts","statementMap":{"0":{"start":{"line":10,"column":31},"end":{"line":40,"column":1}},"1":{"start":{"line":12,"column":8},"end":{"line":12,"column":188}},"2":{"start":{"line":18,"column":8},"end":{"line":18,"column":148}},"3":{"start":{"line":22,"column":27},"end":{"line":22,"column":56}},"4":{"start":{"line":30,"column":12},"end":{"line":31,"column":77}},"5":{"start":{"line":37,"column":12},"end":{"line":37,"column":151}}},"fnMap":{"0":{"name":"(anonymous_0)","decl":{"start":{"line":11,"column":6},"end":{"line":11,"column":7}},"loc":{"start":{"line":12,"column":8},"end":{"line":12,"column":188}},"line":12},"1":{"name":"(anonymous_1)","decl":{"start":{"line":17,"column":6},"end":{"line":17,"column":7}},"loc":{"start":{"line":18,"column":8},"end":{"line":18,"column":148}},"line":18},"2":{"name":"(anonymous_2)","decl":{"start":{"line":22,"column":6},"end":{"line":22,"column":7}},"loc":{"start":{"line":22,"column":27},"end":{"line":22,"column":56}},"line":22},"3":{"name":"(anonymous_3)","decl":{"start":{"line":29,"column":10},"end":{"line":29,"column":11}},"loc":{"start":{"line":30,"column":12},"end":{"line":31,"column":77}},"line":30},"4":{"name":"(anonymous_4)","decl":{"start":{"line":36,"column":10},"end":{"line":36,"column":11}},"loc":{"start":{"line":37,"column":12},"end":{"line":37,"column":151}},"line":37}},"branchMap":{"0":{"loc":{"start":{"line":12,"column":8},"end":{"line":12,"column":188}},"type":"cond-expr","locations":[{"start":{"line":12,"column":41},"end":{"line":12,"column":116}},{"start":{"line":12,"column":119},"end":{"line":12,"column":188}}],"line":12},"1":{"loc":{"start":{"line":18,"column":8},"end":{"line":18,"column":148}},"type":"cond-expr","locations":[{"start":{"line":18,"column":34},"end":{"line":18,"column":90}},{"start":{"line":18,"column":93},"end":{"line":18,"column":148}}],"line":18},"2":{"loc":{"start":{"line":22,"column":27},"end":{"line":22,"column":56}},"type":"binary-expr","locations":[{"start":{"line":22,"column":27},"end":{"line":22,"column":38}},{"start":{"line":22,"column":42},"end":{"line":22,"column":56}}],"line":22},"3":{"loc":{"start":{"line":30,"column":12},"end":{"line":31,"column":77}},"type":"binary-expr","locations":[{"start":{"line":30,"column":12},"end":{"line":30,"column":36}},{"start":{"line":31,"column":12},"end":{"line":31,"column":77}}],"line":30},"4":{"loc":{"start":{"line":37,"column":12},"end":{"line":37,"column":151}},"type":"cond-expr","locations":[{"start":{"line":37,"column":45},"end":{"line":37,"column":86}},{"start":{"line":37,"column":89},"end":{"line":37,"column":151}}],"line":37}},"s":{"0":1,"1":4,"2":4,"3":4,"4":4,"5":4},"f":{"0":4,"1":4,"2":4,"3":4,"4":4},"b":{"0":[3,1],"1":[3,1],"2":[4,1],"3":[4,2],"4":[3,1]},"_coverageSchema":"1a1c01bbd47fc00a2c39e90264f33305004495a9","hash":"b5ba492beaed4908ca41cd1460209bd87ad3432b"}
,"/Users/jfrap/Desktop/projects/daniellefrappier18.github.io/new/daniellefrappier-app/src/components/Timeline/timeline.component.tsx": {"path":"/Users/jfrap/Desktop/projects/daniellefrappier18.github.io/new/daniellefrappier-app/src/components/Timeline/timeline.component.tsx","statementMap":{"0":{"start":{"line":16,"column":24},"end":{"line":40,"column":1}},"1":{"start":{"line":21,"column":4},"end":{"line":39,"column":6}},"2":{"start":{"line":25,"column":16},"end":{"line":36,"column":23}}},"fnMap":{"0":{"name":"(anonymous_0)","decl":{"start":{"line":16,"column":24},"end":{"line":16,"column":25}},"loc":{"start":{"line":20,"column":21},"end":{"line":40,"column":1}},"line":20},"1":{"name":"(anonymous_1)","decl":{"start":{"line":24,"column":22},"end":{"line":24,"column":23}},"loc":{"start":{"line":25,"column":16},"end":{"line":36,"column":23}},"line":25}},"branchMap":{},"s":{"0":1,"1":1,"2":1},"f":{"0":1,"1":1},"b":{},"_coverageSchema":"1a1c01bbd47fc00a2c39e90264f33305004495a9","hash":"ce00a492d3c919f2536d5e77fda01ec9e2293375"}
,"/Users/jfrap/Desktop/projects/daniellefrappier18.github.io/new/daniellefrappier-app/src/components/Timeline/timeline.style.ts": {"path":"/Users/jfrap/Desktop/projects/daniellefrappier18.github.io/new/daniellefrappier-app/src/components/Timeline/timeline.style.ts","statementMap":{"0":{"start":{"line":3,"column":33},"end":{"line":5,"column":1}},"1":{"start":{"line":7,"column":29},"end":{"line":15,"column":1}},"2":{"start":{"line":17,"column":20},"end":{"line":28,"column":1}},"3":{"start":{"line":30,"column":26},"end":{"line":40,"column":1}},"4":{"start":{"line":42,"column":27},"end":{"line":47,"column":1}},"5":{"start":{"line":49,"column":34},"end":{"line":66,"column":1}},"6":{"start":{"line":68,"column":25},"end":{"line":75,"column":1}},"7":{"start":{"line":77,"column":28},"end":{"line":83,"column":1}},"8":{"start":{"line":85,"column":24},"end":{"line":96,"column":1}}},"fnMap":{},"branchMap":{},"s":{"0":1,"1":1,"2":1,"3":1,"4":1,"5":1,"6":1,"7":1,"8":1},"f":{},"b":{},"_coverageSchema":"1a1c01bbd47fc00a2c39e90264f33305004495a9","hash":"7f41bcea878312cc9f793eae5a4cc9655c6971c6"}
}
