TN:
SF:src/components/Button/button.component.tsx
FN:5,(anonymous_0)
FNF:1
FNH:1
FNDA:4,(anonymous_0)
DA:5,1
DA:13,4
LF:2
LH:2
BRDA:6,0,0,2
BRDA:8,1,0,1
BRDA:9,2,0,2
BRDA:14,3,0,2
BRDA:14,3,1,2
BRDA:14,4,0,2
BRDA:14,4,1,2
BRF:7
BRH:7
end_of_record
TN:
SF:src/components/Button/button.style.ts
FN:11,(anonymous_0)
FN:17,(anonymous_1)
FN:22,(anonymous_2)
FN:29,(anonymous_3)
FN:36,(anonymous_4)
FNF:5
FNH:5
FNDA:4,(anonymous_0)
FNDA:4,(anonymous_1)
FNDA:4,(anonymous_2)
FNDA:4,(anonymous_3)
FNDA:4,(anonymous_4)
DA:10,1
DA:12,4
DA:18,4
DA:22,4
DA:30,4
DA:37,4
LF:6
LH:6
BRDA:12,0,0,3
BRDA:12,0,1,1
BRDA:18,1,0,3
BRDA:18,1,1,1
BRDA:22,2,0,4
BRDA:22,2,1,1
BRDA:30,3,0,4
BRDA:30,3,1,2
BRDA:37,4,0,3
BRDA:37,4,1,1
BRF:10
BRH:10
end_of_record
TN:
SF:src/components/Timeline/timeline.component.tsx
FN:16,(anonymous_0)
FN:24,(anonymous_1)
FNF:2
FNH:2
FNDA:1,(anonymous_0)
FNDA:1,(anonymous_1)
DA:16,1
DA:21,1
DA:25,1
LF:3
LH:3
BRF:0
BRH:0
end_of_record
TN:
SF:src/components/Timeline/timeline.style.ts
FNF:0
FNH:0
DA:3,1
DA:7,1
DA:17,1
DA:30,1
DA:42,1
DA:49,1
DA:68,1
DA:77,1
DA:85,1
LF:9
LH:9
BRF:0
BRH:0
end_of_record
